<?xml version="1.0" encoding="UTF-8"?>
<!-- Generated by org.testng.reporters.JUnitXMLReporter -->
<testsuite ignored="0" hostname="LAPTOP-D9L8LA8N" failures="0" tests="30" name="EdgeTest" time="39.65" errors="0" timestamp="2024-06-22T13:06:31 IST">
  <testcase classname="stepdefin.TestLinkASteps" name="@BeforeMethod setUp" time="33.392">
    <failure type="org.openqa.selenium.SessionNotCreatedException" message="Could not start a new session. Possible causes are invalid address of the remote server or browser start-up failure. 
Host info: host: &amp;apos;LAPTOP-D9L8LA8N&amp;apos;, ip: &amp;apos;192.168.1.192&amp;apos;">
      <![CDATA[org.openqa.selenium.SessionNotCreatedException: Could not start a new session. Possible causes are invalid address of the remote server or browser start-up failure. 
Host info: host: 'LAPTOP-D9L8LA8N', ip: '192.168.1.192'
at org.openqa.selenium.remote.RemoteWebDriver.execute(RemoteWebDriver.java:549)
at org.openqa.selenium.remote.RemoteWebDriver.startSession(RemoteWebDriver.java:227)
at org.openqa.selenium.remote.RemoteWebDriver.<init>(RemoteWebDriver.java:154)
at org.openqa.selenium.chromium.ChromiumDriver.<init>(ChromiumDriver.java:107)
at org.openqa.selenium.edge.EdgeDriver.<init>(EdgeDriver.java:59)
at org.openqa.selenium.edge.EdgeDriver.<init>(EdgeDriver.java:55)
at org.openqa.selenium.edge.EdgeDriver.<init>(EdgeDriver.java:47)
at org.openqa.selenium.edge.EdgeDriver.<init>(EdgeDriver.java:43)
at stepdefin.TestLinkASteps.setUp(TestLinkASteps.java:40)
at java.base/java.util.concurrent.FutureTask.run(FutureTask.java:317)
at java.base/java.util.concurrent.Executors$RunnableAdapter.call(Executors.java:572)
at java.base/java.util.concurrent.FutureTask.run(FutureTask.java:317)
at java.base/java.util.concurrent.ThreadPoolExecutor.runWorker(ThreadPoolExecutor.java:1144)
at java.base/java.util.concurrent.ThreadPoolExecutor$Worker.run(ThreadPoolExecutor.java:642)
at java.base/java.lang.Thread.run(Thread.java:1583)
Caused by: org.openqa.selenium.WebDriverException: Timed out waiting for driver server to start.
Build info: version: '4.10.0', revision: 'c14d967899'
System info: os.name: 'Windows 10', os.arch: 'amd64', os.version: '10.0', java.version: '21.0.3'
Driver info: driver.version: EdgeDriver
at org.openqa.selenium.remote.service.DriverService.start(DriverService.java:254)
at org.openqa.selenium.remote.service.DriverCommandExecutor.execute(DriverCommandExecutor.java:119)
at org.openqa.selenium.remote.RemoteWebDriver.execute(RemoteWebDriver.java:531)
... 25 more
Caused by: java.util.concurrent.ExecutionException: org.openqa.selenium.WebDriverException: Timed out waiting for driver server to start.
Build info: version: '4.10.0', revision: 'c14d967899'
System info: os.name: 'Windows 10', os.arch: 'amd64', os.version: '10.0', java.version: '21.0.3'
Driver info: driver.version: unknown
at java.base/java.util.concurrent.CompletableFuture.reportGet(CompletableFuture.java:396)
at java.base/java.util.concurrent.CompletableFuture.get(CompletableFuture.java:2096)
at org.openqa.selenium.remote.service.DriverService.start(DriverService.java:242)
... 27 more
Caused by: org.openqa.selenium.WebDriverException: Timed out waiting for driver server to start.
Build info: version: '4.10.0', revision: 'c14d967899'
System info: os.name: 'Windows 10', os.arch: 'amd64', os.version: '10.0', java.version: '21.0.3'
Driver info: driver.version: unknown
at org.openqa.selenium.remote.service.DriverService.waitUntilAvailable(DriverService.java:275)
at org.openqa.selenium.remote.service.DriverService.lambda$start$1(DriverService.java:221)
at java.base/java.util.concurrent.CompletableFuture$AsyncSupply.run(CompletableFuture.java:1768)
... 3 more
Caused by: org.openqa.selenium.net.UrlChecker$TimeoutException: Timed out waiting for [http://localhost:24241/status] to be available after 20013 ms
at org.openqa.selenium.net.UrlChecker.waitUntilAvailable(UrlChecker.java:94)
at org.openqa.selenium.remote.service.DriverService.waitUntilAvailable(DriverService.java:271)
... 5 more
Caused by: java.util.concurrent.TimeoutException
at java.base/java.util.concurrent.FutureTask.get(FutureTask.java:204)
at org.openqa.selenium.net.UrlChecker.waitUntilAvailable(UrlChecker.java:91)
... 6 more
... Removed 11 stack frames]]>
    </failure>
  </testcase> <!-- @BeforeMethod setUp -->
  <testcase classname="stepdefin.TestLinkASteps" name="@AfterMethod tearDown" time="-1.719041784979E9">
    <skipped/>
  </testcase> <!-- @AfterMethod tearDown -->
  <testcase classname="stepdefin.TestLinkASteps" name="@BeforeMethod setUp" time="34.723">
    <failure type="org.openqa.selenium.SessionNotCreatedException" message="Could not start a new session. Possible causes are invalid address of the remote server or browser start-up failure. 
Host info: host: &amp;apos;LAPTOP-D9L8LA8N&amp;apos;, ip: &amp;apos;192.168.1.192&amp;apos;">
      <![CDATA[org.openqa.selenium.SessionNotCreatedException: Could not start a new session. Possible causes are invalid address of the remote server or browser start-up failure. 
Host info: host: 'LAPTOP-D9L8LA8N', ip: '192.168.1.192'
at org.openqa.selenium.remote.RemoteWebDriver.execute(RemoteWebDriver.java:549)
at org.openqa.selenium.remote.RemoteWebDriver.startSession(RemoteWebDriver.java:227)
at org.openqa.selenium.remote.RemoteWebDriver.<init>(RemoteWebDriver.java:154)
at org.openqa.selenium.chromium.ChromiumDriver.<init>(ChromiumDriver.java:107)
at org.openqa.selenium.edge.EdgeDriver.<init>(EdgeDriver.java:59)
at org.openqa.selenium.edge.EdgeDriver.<init>(EdgeDriver.java:55)
at org.openqa.selenium.edge.EdgeDriver.<init>(EdgeDriver.java:47)
at org.openqa.selenium.edge.EdgeDriver.<init>(EdgeDriver.java:43)
at stepdefin.TestLinkASteps.setUp(TestLinkASteps.java:40)
at java.base/java.util.concurrent.FutureTask.run(FutureTask.java:317)
at java.base/java.util.concurrent.Executors$RunnableAdapter.call(Executors.java:572)
at java.base/java.util.concurrent.FutureTask.run(FutureTask.java:317)
at java.base/java.util.concurrent.ThreadPoolExecutor.runWorker(ThreadPoolExecutor.java:1144)
at java.base/java.util.concurrent.ThreadPoolExecutor$Worker.run(ThreadPoolExecutor.java:642)
at java.base/java.lang.Thread.run(Thread.java:1583)
Caused by: org.openqa.selenium.WebDriverException: Timed out waiting for driver server to bind the port.
Build info: version: '4.10.0', revision: 'c14d967899'
System info: os.name: 'Windows 10', os.arch: 'amd64', os.version: '10.0', java.version: '21.0.3'
Driver info: driver.version: EdgeDriver
at org.openqa.selenium.remote.service.DriverService.start(DriverService.java:251)
at org.openqa.selenium.remote.service.DriverCommandExecutor.execute(DriverCommandExecutor.java:119)
at org.openqa.selenium.remote.RemoteWebDriver.execute(RemoteWebDriver.java:531)
... 25 more
... Removed 11 stack frames]]>
    </failure>
  </testcase> <!-- @BeforeMethod setUp -->
  <testcase classname="stepdefin.TestLinkASteps" name="@AfterMethod tearDown" time="-1.719041786072E9">
    <skipped/>
  </testcase> <!-- @AfterMethod tearDown -->
  <testcase classname="stepdefin.TestLinkASteps" name="@BeforeMethod setUp" time="34.979">
    <failure type="org.openqa.selenium.SessionNotCreatedException" message="Could not start a new session. Possible causes are invalid address of the remote server or browser start-up failure. 
Host info: host: &amp;apos;LAPTOP-D9L8LA8N&amp;apos;, ip: &amp;apos;192.168.1.192&amp;apos;">
      <![CDATA[org.openqa.selenium.SessionNotCreatedException: Could not start a new session. Possible causes are invalid address of the remote server or browser start-up failure. 
Host info: host: 'LAPTOP-D9L8LA8N', ip: '192.168.1.192'
at org.openqa.selenium.remote.RemoteWebDriver.execute(RemoteWebDriver.java:549)
at org.openqa.selenium.remote.RemoteWebDriver.startSession(RemoteWebDriver.java:227)
at org.openqa.selenium.remote.RemoteWebDriver.<init>(RemoteWebDriver.java:154)
at org.openqa.selenium.chromium.ChromiumDriver.<init>(ChromiumDriver.java:107)
at org.openqa.selenium.edge.EdgeDriver.<init>(EdgeDriver.java:59)
at org.openqa.selenium.edge.EdgeDriver.<init>(EdgeDriver.java:55)
at org.openqa.selenium.edge.EdgeDriver.<init>(EdgeDriver.java:47)
at org.openqa.selenium.edge.EdgeDriver.<init>(EdgeDriver.java:43)
at stepdefin.TestLinkASteps.setUp(TestLinkASteps.java:40)
at java.base/java.util.concurrent.FutureTask.run(FutureTask.java:317)
at java.base/java.util.concurrent.Executors$RunnableAdapter.call(Executors.java:572)
at java.base/java.util.concurrent.FutureTask.run(FutureTask.java:317)
at java.base/java.util.concurrent.ThreadPoolExecutor.runWorker(ThreadPoolExecutor.java:1144)
at java.base/java.util.concurrent.ThreadPoolExecutor$Worker.run(ThreadPoolExecutor.java:642)
at java.base/java.lang.Thread.run(Thread.java:1583)
Caused by: org.openqa.selenium.WebDriverException: Timed out waiting for driver server to bind the port.
Build info: version: '4.10.0', revision: 'c14d967899'
System info: os.name: 'Windows 10', os.arch: 'amd64', os.version: '10.0', java.version: '21.0.3'
Driver info: driver.version: EdgeDriver
at org.openqa.selenium.remote.service.DriverService.start(DriverService.java:251)
at org.openqa.selenium.remote.service.DriverCommandExecutor.execute(DriverCommandExecutor.java:119)
at org.openqa.selenium.remote.RemoteWebDriver.execute(RemoteWebDriver.java:531)
... 25 more
... Removed 11 stack frames]]>
    </failure>
  </testcase> <!-- @BeforeMethod setUp -->
  <testcase classname="stepdefin.TestLinkASteps" name="@AfterMethod tearDown" time="-1.719041786398E9">
    <skipped/>
  </testcase> <!-- @AfterMethod tearDown -->
  <testcase classname="stepdefin.TestLinkASteps" name="@BeforeMethod setUp" time="35.73">
    <failure type="org.openqa.selenium.SessionNotCreatedException" message="Could not start a new session. Possible causes are invalid address of the remote server or browser start-up failure. 
Host info: host: &amp;apos;LAPTOP-D9L8LA8N&amp;apos;, ip: &amp;apos;192.168.1.192&amp;apos;">
      <![CDATA[org.openqa.selenium.SessionNotCreatedException: Could not start a new session. Possible causes are invalid address of the remote server or browser start-up failure. 
Host info: host: 'LAPTOP-D9L8LA8N', ip: '192.168.1.192'
at org.openqa.selenium.remote.RemoteWebDriver.execute(RemoteWebDriver.java:549)
at org.openqa.selenium.remote.RemoteWebDriver.startSession(RemoteWebDriver.java:227)
at org.openqa.selenium.remote.RemoteWebDriver.<init>(RemoteWebDriver.java:154)
at org.openqa.selenium.chromium.ChromiumDriver.<init>(ChromiumDriver.java:107)
at org.openqa.selenium.edge.EdgeDriver.<init>(EdgeDriver.java:59)
at org.openqa.selenium.edge.EdgeDriver.<init>(EdgeDriver.java:55)
at org.openqa.selenium.edge.EdgeDriver.<init>(EdgeDriver.java:47)
at org.openqa.selenium.edge.EdgeDriver.<init>(EdgeDriver.java:43)
at stepdefin.TestLinkASteps.setUp(TestLinkASteps.java:40)
at java.base/java.util.concurrent.FutureTask.run(FutureTask.java:317)
at java.base/java.util.concurrent.Executors$RunnableAdapter.call(Executors.java:572)
at java.base/java.util.concurrent.FutureTask.run(FutureTask.java:317)
at java.base/java.util.concurrent.ThreadPoolExecutor.runWorker(ThreadPoolExecutor.java:1144)
at java.base/java.util.concurrent.ThreadPoolExecutor$Worker.run(ThreadPoolExecutor.java:642)
at java.base/java.lang.Thread.run(Thread.java:1583)
Caused by: org.openqa.selenium.WebDriverException: Timed out waiting for driver server to bind the port.
Build info: version: '4.10.0', revision: 'c14d967899'
System info: os.name: 'Windows 10', os.arch: 'amd64', os.version: '10.0', java.version: '21.0.3'
Driver info: driver.version: EdgeDriver
at org.openqa.selenium.remote.service.DriverService.start(DriverService.java:251)
at org.openqa.selenium.remote.service.DriverCommandExecutor.execute(DriverCommandExecutor.java:119)
at org.openqa.selenium.remote.RemoteWebDriver.execute(RemoteWebDriver.java:531)
... 25 more
... Removed 11 stack frames]]>
    </failure>
  </testcase> <!-- @BeforeMethod setUp -->
  <testcase classname="stepdefin.TestLinkASteps" name="@AfterMethod tearDown" time="-1.719041787129E9">
    <skipped/>
  </testcase> <!-- @AfterMethod tearDown -->
  <testcase classname="stepdefin.TestLinkASteps" name="@BeforeMethod setUp" time="35.877">
    <failure type="org.openqa.selenium.SessionNotCreatedException" message="Could not start a new session. Possible causes are invalid address of the remote server or browser start-up failure. 
Host info: host: &amp;apos;LAPTOP-D9L8LA8N&amp;apos;, ip: &amp;apos;192.168.1.192&amp;apos;">
      <![CDATA[org.openqa.selenium.SessionNotCreatedException: Could not start a new session. Possible causes are invalid address of the remote server or browser start-up failure. 
Host info: host: 'LAPTOP-D9L8LA8N', ip: '192.168.1.192'
at org.openqa.selenium.remote.RemoteWebDriver.execute(RemoteWebDriver.java:549)
at org.openqa.selenium.remote.RemoteWebDriver.startSession(RemoteWebDriver.java:227)
at org.openqa.selenium.remote.RemoteWebDriver.<init>(RemoteWebDriver.java:154)
at org.openqa.selenium.chromium.ChromiumDriver.<init>(ChromiumDriver.java:107)
at org.openqa.selenium.edge.EdgeDriver.<init>(EdgeDriver.java:59)
at org.openqa.selenium.edge.EdgeDriver.<init>(EdgeDriver.java:55)
at org.openqa.selenium.edge.EdgeDriver.<init>(EdgeDriver.java:47)
at org.openqa.selenium.edge.EdgeDriver.<init>(EdgeDriver.java:43)
at stepdefin.TestLinkASteps.setUp(TestLinkASteps.java:40)
at java.base/java.util.concurrent.FutureTask.run(FutureTask.java:317)
at java.base/java.util.concurrent.Executors$RunnableAdapter.call(Executors.java:572)
at java.base/java.util.concurrent.FutureTask.run(FutureTask.java:317)
at java.base/java.util.concurrent.ThreadPoolExecutor.runWorker(ThreadPoolExecutor.java:1144)
at java.base/java.util.concurrent.ThreadPoolExecutor$Worker.run(ThreadPoolExecutor.java:642)
at java.base/java.lang.Thread.run(Thread.java:1583)
Caused by: org.openqa.selenium.WebDriverException: Timed out waiting for driver server to bind the port.
Build info: version: '4.10.0', revision: 'c14d967899'
System info: os.name: 'Windows 10', os.arch: 'amd64', os.version: '10.0', java.version: '21.0.3'
Driver info: driver.version: EdgeDriver
at org.openqa.selenium.remote.service.DriverService.start(DriverService.java:251)
at org.openqa.selenium.remote.service.DriverCommandExecutor.execute(DriverCommandExecutor.java:119)
at org.openqa.selenium.remote.RemoteWebDriver.execute(RemoteWebDriver.java:531)
... 25 more
... Removed 11 stack frames]]>
    </failure>
  </testcase> <!-- @BeforeMethod setUp -->
  <testcase classname="stepdefin.TestLinkASteps" name="@AfterMethod tearDown" time="-1.719041787285E9">
    <skipped/>
  </testcase> <!-- @AfterMethod tearDown -->
  <testcase classname="stepdefin.TestLinkASteps" name="@BeforeMethod setUp" time="36.184">
    <failure type="org.openqa.selenium.SessionNotCreatedException" message="Could not start a new session. Possible causes are invalid address of the remote server or browser start-up failure. 
Host info: host: &amp;apos;LAPTOP-D9L8LA8N&amp;apos;, ip: &amp;apos;192.168.1.192&amp;apos;">
      <![CDATA[org.openqa.selenium.SessionNotCreatedException: Could not start a new session. Possible causes are invalid address of the remote server or browser start-up failure. 
Host info: host: 'LAPTOP-D9L8LA8N', ip: '192.168.1.192'
at org.openqa.selenium.remote.RemoteWebDriver.execute(RemoteWebDriver.java:549)
at org.openqa.selenium.remote.RemoteWebDriver.startSession(RemoteWebDriver.java:227)
at org.openqa.selenium.remote.RemoteWebDriver.<init>(RemoteWebDriver.java:154)
at org.openqa.selenium.chromium.ChromiumDriver.<init>(ChromiumDriver.java:107)
at org.openqa.selenium.edge.EdgeDriver.<init>(EdgeDriver.java:59)
at org.openqa.selenium.edge.EdgeDriver.<init>(EdgeDriver.java:55)
at org.openqa.selenium.edge.EdgeDriver.<init>(EdgeDriver.java:47)
at org.openqa.selenium.edge.EdgeDriver.<init>(EdgeDriver.java:43)
at stepdefin.TestLinkASteps.setUp(TestLinkASteps.java:40)
at java.base/java.util.concurrent.FutureTask.run(FutureTask.java:317)
at java.base/java.util.concurrent.Executors$RunnableAdapter.call(Executors.java:572)
at java.base/java.util.concurrent.FutureTask.run(FutureTask.java:317)
at java.base/java.util.concurrent.ThreadPoolExecutor.runWorker(ThreadPoolExecutor.java:1144)
at java.base/java.util.concurrent.ThreadPoolExecutor$Worker.run(ThreadPoolExecutor.java:642)
at java.base/java.lang.Thread.run(Thread.java:1583)
Caused by: org.openqa.selenium.WebDriverException: Timed out waiting for driver server to start.
Build info: version: '4.10.0', revision: 'c14d967899'
System info: os.name: 'Windows 10', os.arch: 'amd64', os.version: '10.0', java.version: '21.0.3'
Driver info: driver.version: EdgeDriver
at org.openqa.selenium.remote.service.DriverService.start(DriverService.java:254)
at org.openqa.selenium.remote.service.DriverCommandExecutor.execute(DriverCommandExecutor.java:119)
at org.openqa.selenium.remote.RemoteWebDriver.execute(RemoteWebDriver.java:531)
... 25 more
Caused by: java.util.concurrent.ExecutionException: org.openqa.selenium.WebDriverException: Timed out waiting for driver server to start.
Build info: version: '4.10.0', revision: 'c14d967899'
System info: os.name: 'Windows 10', os.arch: 'amd64', os.version: '10.0', java.version: '21.0.3'
Driver info: driver.version: unknown
at java.base/java.util.concurrent.CompletableFuture.reportGet(CompletableFuture.java:396)
at java.base/java.util.concurrent.CompletableFuture.get(CompletableFuture.java:2096)
at org.openqa.selenium.remote.service.DriverService.start(DriverService.java:242)
... 27 more
Caused by: org.openqa.selenium.WebDriverException: Timed out waiting for driver server to start.
Build info: version: '4.10.0', revision: 'c14d967899'
System info: os.name: 'Windows 10', os.arch: 'amd64', os.version: '10.0', java.version: '21.0.3'
Driver info: driver.version: unknown
at org.openqa.selenium.remote.service.DriverService.waitUntilAvailable(DriverService.java:275)
at org.openqa.selenium.remote.service.DriverService.lambda$start$1(DriverService.java:221)
at java.base/java.util.concurrent.CompletableFuture$AsyncSupply.run(CompletableFuture.java:1768)
... 3 more
Caused by: org.openqa.selenium.net.UrlChecker$TimeoutException: Timed out waiting for [http://localhost:26714/status] to be available after 20257 ms
at org.openqa.selenium.net.UrlChecker.waitUntilAvailable(UrlChecker.java:94)
at org.openqa.selenium.remote.service.DriverService.waitUntilAvailable(DriverService.java:271)
... 5 more
Caused by: java.util.concurrent.TimeoutException
at java.base/java.util.concurrent.FutureTask.get(FutureTask.java:204)
at org.openqa.selenium.net.UrlChecker.waitUntilAvailable(UrlChecker.java:91)
... 6 more
... Removed 11 stack frames]]>
    </failure>
  </testcase> <!-- @BeforeMethod setUp -->
  <testcase classname="stepdefin.TestLinkASteps" name="@AfterMethod tearDown" time="-1.719041787506E9">
    <skipped/>
  </testcase> <!-- @AfterMethod tearDown -->
  <testcase classname="stepdefin.TestLinkASteps" name="@BeforeMethod setUp" time="-1.719041787785E9">
    <skipped/>
  </testcase> <!-- @BeforeMethod setUp -->
  <testcase classname="stepdefin.TestLinkASteps" name="@AfterMethod tearDown" time="-1.719041787809E9">
    <skipped/>
  </testcase> <!-- @AfterMethod tearDown -->
  <testcase classname="stepdefin.TestLinkASteps" name="@BeforeMethod setUp" time="-1.719041787814E9">
    <skipped/>
  </testcase> <!-- @BeforeMethod setUp -->
  <testcase classname="stepdefin.TestLinkASteps" name="@AfterMethod tearDown" time="-1.719041787848E9">
    <skipped/>
  </testcase> <!-- @AfterMethod tearDown -->
  <testcase classname="stepdefin.TestLinkASteps" name="@BeforeMethod setUp" time="-1.719041787861E9">
    <skipped/>
  </testcase> <!-- @BeforeMethod setUp -->
  <testcase classname="stepdefin.TestLinkASteps" name="@AfterMethod tearDown" time="-1.719041787896E9">
    <skipped/>
  </testcase> <!-- @AfterMethod tearDown -->
  <testcase classname="stepdefin.TestLinkASteps" name="@BeforeMethod setUp" time="-1.719041787787E9">
    <skipped/>
  </testcase> <!-- @BeforeMethod setUp -->
  <testcase classname="stepdefin.TestLinkASteps" name="@AfterMethod tearDown" time="-1.719041787921E9">
    <skipped/>
  </testcase> <!-- @AfterMethod tearDown -->
  <testcase classname="stepdefin.TestLinkASteps" name="@BeforeMethod setUp" time="-1.719041787858E9">
    <skipped/>
  </testcase> <!-- @BeforeMethod setUp -->
  <testcase classname="stepdefin.TestLinkASteps" name="@AfterMethod tearDown" time="-1.719041788034E9">
    <skipped/>
  </testcase> <!-- @AfterMethod tearDown -->
  <testcase classname="stepdefin.TestLinkASteps" name="@BeforeMethod setUp" time="-1.719041787833E9">
    <skipped/>
  </testcase> <!-- @BeforeMethod setUp -->
  <testcase classname="stepdefin.TestLinkASteps" name="@AfterMethod tearDown" time="-1.71904178809E9">
    <skipped/>
  </testcase> <!-- @AfterMethod tearDown -->
  <testcase classname="stepdefin.TestLinkASteps" name="@BeforeMethod setUp" time="-1.719041788467E9">
    <skipped/>
  </testcase> <!-- @BeforeMethod setUp -->
  <testcase classname="stepdefin.TestLinkASteps" name="@BeforeMethod setUp" time="-1.719041788466E9">
    <skipped/>
  </testcase> <!-- @BeforeMethod setUp -->
  <testcase classname="stepdefin.TestLinkASteps" name="@AfterMethod tearDown" time="-1.719041788504E9">
    <skipped/>
  </testcase> <!-- @AfterMethod tearDown -->
  <testcase classname="stepdefin.TestLinkASteps" name="@AfterMethod tearDown" time="-1.719041788549E9">
    <skipped/>
  </testcase> <!-- @AfterMethod tearDown -->
  <testcase classname="stepdefin.TestLinkASteps" name="@BeforeMethod setUp" time="-1.719041788567E9">
    <skipped/>
  </testcase> <!-- @BeforeMethod setUp -->
  <testcase classname="stepdefin.TestLinkASteps" name="@AfterMethod tearDown" time="-1.719041788598E9">
    <skipped/>
  </testcase> <!-- @AfterMethod tearDown -->
  <testcase classname="stepdefin.TestLinkASteps" name="@BeforeMethod setUp" time="-1.719041788597E9">
    <skipped/>
  </testcase> <!-- @BeforeMethod setUp -->
  <testcase classname="stepdefin.TestLinkASteps" name="@AfterMethod tearDown" time="-1.71904178871E9">
    <skipped/>
  </testcase> <!-- @AfterMethod tearDown -->
  <testcase classname="stepdefin.TestLinkASteps" name="@BeforeMethod setUp" time="-1.719041788574E9">
    <skipped/>
  </testcase> <!-- @BeforeMethod setUp -->
  <testcase classname="stepdefin.TestLinkASteps" name="@AfterMethod tearDown" time="-1.719041789164E9">
    <skipped/>
  </testcase> <!-- @AfterMethod tearDown -->
  <testcase classname="stepdefin.TestLinkASteps" name="@BeforeMethod setUp" time="-1.719041788536E9">
    <skipped/>
  </testcase> <!-- @BeforeMethod setUp -->
  <testcase classname="stepdefin.TestLinkASteps" name="@AfterMethod tearDown" time="-1.719041789251E9">
    <skipped/>
  </testcase> <!-- @AfterMethod tearDown -->
  <testcase classname="stepdefin.TestLinkASteps" name="@BeforeMethod setUp" time="-1.719041789517E9">
    <skipped/>
  </testcase> <!-- @BeforeMethod setUp -->
  <testcase classname="stepdefin.TestLinkASteps" name="@AfterMethod tearDown" time="-1.719041789535E9">
    <skipped/>
  </testcase> <!-- @AfterMethod tearDown -->
  <testcase classname="stepdefin.TestLinkASteps" name="@BeforeMethod setUp" time="-1.719041789564E9">
    <skipped/>
  </testcase> <!-- @BeforeMethod setUp -->
  <testcase classname="stepdefin.TestLinkASteps" name="@AfterMethod tearDown" time="-1.719041789599E9">
    <skipped/>
  </testcase> <!-- @AfterMethod tearDown -->
  <testcase classname="stepdefin.TestLinkASteps" name="@BeforeMethod setUp" time="-1.719041789517E9">
    <skipped/>
  </testcase> <!-- @BeforeMethod setUp -->
  <testcase classname="stepdefin.TestLinkASteps" name="@AfterMethod tearDown" time="-1.71904178968E9">
    <skipped/>
  </testcase> <!-- @AfterMethod tearDown -->
  <testcase classname="stepdefin.TestLinkASteps" name="@BeforeMethod setUp" time="-1.719041789701E9">
    <skipped/>
  </testcase> <!-- @BeforeMethod setUp -->
  <testcase classname="stepdefin.TestLinkASteps" name="@BeforeMethod setUp" time="-1.719041789725E9">
    <skipped/>
  </testcase> <!-- @BeforeMethod setUp -->
  <testcase classname="stepdefin.TestLinkASteps" name="@AfterMethod tearDown" time="-1.719041789763E9">
    <skipped/>
  </testcase> <!-- @AfterMethod tearDown -->
  <testcase classname="stepdefin.TestLinkASteps" name="@AfterMethod tearDown" time="-1.71904178999E9">
    <skipped/>
  </testcase> <!-- @AfterMethod tearDown -->
  <testcase classname="stepdefin.TestLinkASteps" name="@BeforeMethod setUp" time="-1.719041789724E9">
    <skipped/>
  </testcase> <!-- @BeforeMethod setUp -->
  <testcase classname="stepdefin.TestLinkASteps" name="@AfterMethod tearDown" time="-1.719041790108E9">
    <skipped/>
  </testcase> <!-- @AfterMethod tearDown -->
  <testcase classname="stepdefin.TestLinkASteps" name="@BeforeMethod setUp" time="-1.719041790197E9">
    <skipped/>
  </testcase> <!-- @BeforeMethod setUp -->
  <testcase classname="stepdefin.TestLinkASteps" name="@AfterMethod tearDown" time="-1.71904179021E9">
    <skipped/>
  </testcase> <!-- @AfterMethod tearDown -->
  <testcase classname="stepdefin.TestLinkASteps" name="@BeforeMethod setUp" time="-1.719041790219E9">
    <skipped/>
  </testcase> <!-- @BeforeMethod setUp -->
  <testcase classname="stepdefin.TestLinkASteps" name="@AfterMethod tearDown" time="-1.719041790258E9">
    <skipped/>
  </testcase> <!-- @AfterMethod tearDown -->
  <testcase classname="stepdefin.TestLinkASteps" name="@BeforeMethod setUp" time="-1.719041790299E9">
    <skipped/>
  </testcase> <!-- @BeforeMethod setUp -->
  <testcase classname="stepdefin.TestLinkASteps" name="@AfterMethod tearDown" time="-1.719041790316E9">
    <skipped/>
  </testcase> <!-- @AfterMethod tearDown -->
  <testcase classname="stepdefin.TestLinkASteps" name="@BeforeMethod setUp" time="-1.71904179036E9">
    <skipped/>
  </testcase> <!-- @BeforeMethod setUp -->
  <testcase classname="stepdefin.TestLinkASteps" name="@AfterMethod tearDown" time="-1.719041790406E9">
    <skipped/>
  </testcase> <!-- @AfterMethod tearDown -->
  <testcase classname="stepdefin.TestLinkASteps" name="@BeforeMethod setUp" time="-1.719041790223E9">
    <skipped/>
  </testcase> <!-- @BeforeMethod setUp -->
  <testcase classname="stepdefin.TestLinkASteps" name="@AfterMethod tearDown" time="-1.71904179066E9">
    <skipped/>
  </testcase> <!-- @AfterMethod tearDown -->
  <testcase classname="stepdefin.TestLinkASteps" name="@BeforeMethod setUp" time="-1.719041790215E9">
    <skipped/>
  </testcase> <!-- @BeforeMethod setUp -->
  <testcase classname="stepdefin.TestLinkASteps" name="@AfterMethod tearDown" time="-1.719041790697E9">
    <skipped/>
  </testcase> <!-- @AfterMethod tearDown -->
  <testcase classname="stepdefin.TestLinkASteps" name="testLinkA" time="0.0">
    <skipped/>
  </testcase> <!-- testLinkA -->
  <testcase classname="stepdefin.TestLinkASteps" name="testLinkA" time="0.0">
    <skipped/>
  </testcase> <!-- testLinkA -->
  <testcase classname="stepdefin.TestLinkASteps" name="testLinkA" time="0.0">
    <skipped/>
  </testcase> <!-- testLinkA -->
  <testcase classname="stepdefin.TestLinkASteps" name="testLinkA" time="0.0">
    <skipped/>
  </testcase> <!-- testLinkA -->
  <testcase classname="stepdefin.TestLinkASteps" name="testLinkA" time="0.0">
    <skipped/>
  </testcase> <!-- testLinkA -->
  <testcase classname="stepdefin.TestLinkASteps" name="testLinkA" time="0.0">
    <skipped/>
  </testcase> <!-- testLinkA -->
  <testcase classname="stepdefin.TestLinkASteps" name="testLinkB" time="0.0">
    <skipped/>
  </testcase> <!-- testLinkB -->
  <testcase classname="stepdefin.TestLinkASteps" name="testLinkB" time="0.0">
    <skipped/>
  </testcase> <!-- testLinkB -->
  <testcase classname="stepdefin.TestLinkASteps" name="testLinkB" time="0.0">
    <skipped/>
  </testcase> <!-- testLinkB -->
  <testcase classname="stepdefin.TestLinkASteps" name="testLinkB" time="0.0">
    <skipped/>
  </testcase> <!-- testLinkB -->
  <testcase classname="stepdefin.TestLinkASteps" name="testLinkB" time="0.0">
    <skipped/>
  </testcase> <!-- testLinkB -->
  <testcase classname="stepdefin.TestLinkASteps" name="testLinkB" time="0.0">
    <skipped/>
  </testcase> <!-- testLinkB -->
  <testcase classname="stepdefin.TestLinkASteps" name="testLinkC" time="0.0">
    <skipped/>
  </testcase> <!-- testLinkC -->
  <testcase classname="stepdefin.TestLinkASteps" name="testLinkC" time="0.0">
    <skipped/>
  </testcase> <!-- testLinkC -->
  <testcase classname="stepdefin.TestLinkASteps" name="testLinkC" time="0.0">
    <skipped/>
  </testcase> <!-- testLinkC -->
  <testcase classname="stepdefin.TestLinkASteps" name="testLinkC" time="0.0">
    <skipped/>
  </testcase> <!-- testLinkC -->
  <testcase classname="stepdefin.TestLinkASteps" name="testLinkC" time="0.0">
    <skipped/>
  </testcase> <!-- testLinkC -->
  <testcase classname="stepdefin.TestLinkASteps" name="testLinkC" time="0.0">
    <skipped/>
  </testcase> <!-- testLinkC -->
  <testcase classname="stepdefin.TestLinkASteps" name="testLinkD" time="0.0">
    <skipped/>
  </testcase> <!-- testLinkD -->
  <testcase classname="stepdefin.TestLinkASteps" name="testLinkD" time="0.0">
    <skipped/>
  </testcase> <!-- testLinkD -->
  <testcase classname="stepdefin.TestLinkASteps" name="testLinkD" time="0.0">
    <skipped/>
  </testcase> <!-- testLinkD -->
  <testcase classname="stepdefin.TestLinkASteps" name="testLinkD" time="0.0">
    <skipped/>
  </testcase> <!-- testLinkD -->
  <testcase classname="stepdefin.TestLinkASteps" name="testLinkD" time="0.0">
    <skipped/>
  </testcase> <!-- testLinkD -->
  <testcase classname="stepdefin.TestLinkASteps" name="testLinkD" time="0.0">
    <skipped/>
  </testcase> <!-- testLinkD -->
  <testcase classname="stepdefin.TestLinkASteps" name="testLinkE" time="0.0">
    <skipped/>
  </testcase> <!-- testLinkE -->
  <testcase classname="stepdefin.TestLinkASteps" name="testLinkE" time="0.0">
    <skipped/>
  </testcase> <!-- testLinkE -->
  <testcase classname="stepdefin.TestLinkASteps" name="testLinkE" time="0.0">
    <skipped/>
  </testcase> <!-- testLinkE -->
  <testcase classname="stepdefin.TestLinkASteps" name="testLinkE" time="0.0">
    <skipped/>
  </testcase> <!-- testLinkE -->
  <testcase classname="stepdefin.TestLinkASteps" name="testLinkE" time="0.0">
    <skipped/>
  </testcase> <!-- testLinkE -->
  <testcase classname="stepdefin.TestLinkASteps" name="testLinkE" time="0.0">
    <skipped/>
  </testcase> <!-- testLinkE -->
</testsuite> <!-- EdgeTest -->
