<?xml version="1.0" encoding="UTF-8"?>
<!-- Generated by org.testng.reporters.JUnitXMLReporter -->
<testsuite ignored="0" hostname="LAPTOP-D9L8LA8N" failures="0" tests="30" name="EdgeTest" time="289.598" errors="0" timestamp="2024-06-22T16:02:01 IST">
  <testcase classname="stepdefin.TestLinkASteps" name="@AfterMethod tearDown" time="25.31">
    <failure type="org.openqa.selenium.WebDriverException" message="Timed out waiting for driver server to stop.
Build info: version: &amp;apos;4.10.0&amp;apos;, revision: &amp;apos;c14d967899&amp;apos;
System info: os.name: &amp;apos;Windows 10&amp;apos;, os.arch: &amp;apos;amd64&amp;apos;, os.version: &amp;apos;10.0&amp;apos;, java.version: &amp;apos;21.0.3&amp;apos;
Driver info: org.openqa.selenium.edge.EdgeDriver
Command: [d6af904c94373d0c4906e4dfc27f82a5, quit {}]
Capabilities {acceptInsecureCerts: false, browserName: MicrosoftEdge, browserVersion: 126.0.2592.68, fedcm:accounts: true, ms:edgeOptions: {debuggerAddress: localhost:54274}, msedge: {msedgedriverVersion: 126.0.2592.68 (30e1b6cc72a8..., userDataDir: C:\Users\LENOVO\AppData\Loc...}, networkConnectionEnabled: false, pageLoadStrategy: normal, platformName: windows, proxy: Proxy(), se:cdp: ws://localhost:54274/devtoo..., se:cdpVersion: 126.0.2592.68, setWindowRect: true, strictFileInteractability: false, timeouts: {implicit: 0, pageLoad: 300000, script: 30000}, unhandledPromptBehavior: dismiss and notify, webauthn:extension:credBlob: true, webauthn:extension:largeBlob: true, webauthn:extension:minPinLength: true, webauthn:extension:prf: true, webauthn:virtualAuthenticators: true}
Session ID: d6af904c94373d0c4906e4dfc27f82a5">
      <![CDATA[org.openqa.selenium.WebDriverException: Timed out waiting for driver server to stop.
Build info: version: '4.10.0', revision: 'c14d967899'
System info: os.name: 'Windows 10', os.arch: 'amd64', os.version: '10.0', java.version: '21.0.3'
Driver info: org.openqa.selenium.edge.EdgeDriver
Command: [d6af904c94373d0c4906e4dfc27f82a5, quit {}]
Capabilities {acceptInsecureCerts: false, browserName: MicrosoftEdge, browserVersion: 126.0.2592.68, fedcm:accounts: true, ms:edgeOptions: {debuggerAddress: localhost:54274}, msedge: {msedgedriverVersion: 126.0.2592.68 (30e1b6cc72a8..., userDataDir: C:\Users\LENOVO\AppData\Loc...}, networkConnectionEnabled: false, pageLoadStrategy: normal, platformName: windows, proxy: Proxy(), se:cdp: ws://localhost:54274/devtoo..., se:cdpVersion: 126.0.2592.68, setWindowRect: true, strictFileInteractability: false, timeouts: {implicit: 0, pageLoad: 300000, script: 30000}, unhandledPromptBehavior: dismiss and notify, webauthn:extension:credBlob: true, webauthn:extension:largeBlob: true, webauthn:extension:minPinLength: true, webauthn:extension:prf: true, webauthn:virtualAuthenticators: true}
Session ID: d6af904c94373d0c4906e4dfc27f82a5
at org.openqa.selenium.remote.service.DriverCommandExecutor.execute(DriverCommandExecutor.java:161)
at org.openqa.selenium.remote.RemoteWebDriver.execute(RemoteWebDriver.java:531)
at org.openqa.selenium.remote.RemoteWebDriver.execute(RemoteWebDriver.java:590)
at org.openqa.selenium.remote.RemoteWebDriver.execute(RemoteWebDriver.java:594)
at org.openqa.selenium.remote.RemoteWebDriver.quit(RemoteWebDriver.java:446)
at org.openqa.selenium.chromium.ChromiumDriver.quit(ChromiumDriver.java:341)
at stepdefin.TestLinkASteps.tearDown(TestLinkASteps.java:89)
at java.base/java.util.ArrayList.forEach(ArrayList.java:1596)
Caused by: java.util.concurrent.ExecutionException: org.openqa.selenium.TimeoutException: Process timed out after waiting for 20000 ms.
Build info: version: '4.10.0', revision: 'c14d967899'
System info: os.name: 'Windows 10', os.arch: 'amd64', os.version: '10.0', java.version: '21.0.3'
Driver info: driver.version: unknown
at java.base/java.util.concurrent.CompletableFuture.reportGet(CompletableFuture.java:396)
at java.base/java.util.concurrent.CompletableFuture.get(CompletableFuture.java:2096)
at org.openqa.selenium.remote.service.DriverCommandExecutor.execute(DriverCommandExecutor.java:157)
... 37 more
Caused by: org.openqa.selenium.TimeoutException: Process timed out after waiting for 20000 ms.
Build info: version: '4.10.0', revision: 'c14d967899'
System info: os.name: 'Windows 10', os.arch: 'amd64', os.version: '10.0', java.version: '21.0.3'
Driver info: driver.version: unknown
at org.openqa.selenium.os.OsProcess.waitFor(OsProcess.java:183)
at org.openqa.selenium.os.CommandLine.waitFor(CommandLine.java:117)
at org.openqa.selenium.remote.service.DriverCommandExecutor.lambda$execute$2(DriverCommandExecutor.java:148)
at java.base/java.util.concurrent.CompletableFuture$AsyncSupply.run(CompletableFuture.java:1768)
at java.base/java.util.concurrent.ThreadPoolExecutor.runWorker(ThreadPoolExecutor.java:1144)
at java.base/java.util.concurrent.ThreadPoolExecutor$Worker.run(ThreadPoolExecutor.java:642)
at java.base/java.lang.Thread.run(Thread.java:1583)
... Removed 30 stack frames]]>
    </failure>
  </testcase> <!-- @AfterMethod tearDown -->
  <testcase classname="stepdefin.TestLinkASteps" name="@BeforeMethod setUp" time="-1.719052318212E9">
    <skipped/>
  </testcase> <!-- @BeforeMethod setUp -->
  <testcase classname="stepdefin.TestLinkASteps" name="@AfterMethod tearDown" time="-1.719052318452E9">
    <skipped/>
  </testcase> <!-- @AfterMethod tearDown -->
  <testcase classname="stepdefin.TestLinkASteps" name="@BeforeMethod setUp" time="-1.719052318495E9">
    <skipped/>
  </testcase> <!-- @BeforeMethod setUp -->
  <testcase classname="stepdefin.TestLinkASteps" name="@AfterMethod tearDown" time="-1.719052318603E9">
    <skipped/>
  </testcase> <!-- @AfterMethod tearDown -->
  <testcase classname="stepdefin.TestLinkASteps" name="@BeforeMethod setUp" time="-1.719052318617E9">
    <skipped/>
  </testcase> <!-- @BeforeMethod setUp -->
  <testcase classname="stepdefin.TestLinkASteps" name="@AfterMethod tearDown" time="-1.719052318633E9">
    <skipped/>
  </testcase> <!-- @AfterMethod tearDown -->
  <testcase classname="stepdefin.TestLinkASteps" name="@BeforeMethod setUp" time="-1.719052318661E9">
    <skipped/>
  </testcase> <!-- @BeforeMethod setUp -->
  <testcase classname="stepdefin.TestLinkASteps" name="@AfterMethod tearDown" time="-1.719052318733E9">
    <skipped/>
  </testcase> <!-- @AfterMethod tearDown -->
  <testcase classname="stepdefin.TestLinkASteps" name="@BeforeMethod setUp" time="-1.719052318871E9">
    <skipped/>
  </testcase> <!-- @BeforeMethod setUp -->
  <testcase classname="stepdefin.TestLinkASteps" name="@AfterMethod tearDown" time="-1.719052319398E9">
    <skipped/>
  </testcase> <!-- @AfterMethod tearDown -->
  <testcase classname="stepdefin.TestLinkASteps" name="@BeforeMethod setUp" time="-1.71905231943E9">
    <skipped/>
  </testcase> <!-- @BeforeMethod setUp -->
  <testcase classname="stepdefin.TestLinkASteps" name="@AfterMethod tearDown" time="-1.71905231947E9">
    <skipped/>
  </testcase> <!-- @AfterMethod tearDown -->
  <testcase classname="stepdefin.TestLinkASteps" name="@BeforeMethod setUp" time="-1.719052319482E9">
    <skipped/>
  </testcase> <!-- @BeforeMethod setUp -->
  <testcase classname="stepdefin.TestLinkASteps" name="@AfterMethod tearDown" time="-1.719052319616E9">
    <skipped/>
  </testcase> <!-- @AfterMethod tearDown -->
  <testcase classname="stepdefin.TestLinkASteps" name="@BeforeMethod setUp" time="-1.719052319637E9">
    <skipped/>
  </testcase> <!-- @BeforeMethod setUp -->
  <testcase classname="stepdefin.TestLinkASteps" name="@AfterMethod tearDown" time="-1.719052319693E9">
    <skipped/>
  </testcase> <!-- @AfterMethod tearDown -->
  <testcase classname="stepdefin.TestLinkASteps" name="@BeforeMethod setUp" time="-1.719052319702E9">
    <skipped/>
  </testcase> <!-- @BeforeMethod setUp -->
  <testcase classname="stepdefin.TestLinkASteps" name="@AfterMethod tearDown" time="-1.719052319718E9">
    <skipped/>
  </testcase> <!-- @AfterMethod tearDown -->
  <testcase classname="stepdefin.TestLinkASteps" name="@BeforeMethod setUp" time="-1.719052319728E9">
    <skipped/>
  </testcase> <!-- @BeforeMethod setUp -->
  <testcase classname="stepdefin.TestLinkASteps" name="@AfterMethod tearDown" time="-1.71905231982E9">
    <skipped/>
  </testcase> <!-- @AfterMethod tearDown -->
  <testcase classname="stepdefin.TestLinkASteps" name="@BeforeMethod setUp" time="-1.719052319833E9">
    <skipped/>
  </testcase> <!-- @BeforeMethod setUp -->
  <testcase classname="stepdefin.TestLinkASteps" name="@AfterMethod tearDown" time="-1.719052319869E9">
    <skipped/>
  </testcase> <!-- @AfterMethod tearDown -->
  <testcase classname="stepdefin.TestLinkASteps" name="@BeforeMethod setUp" time="-1.719052319884E9">
    <skipped/>
  </testcase> <!-- @BeforeMethod setUp -->
  <testcase classname="stepdefin.TestLinkASteps" name="@AfterMethod tearDown" time="-1.719052319959E9">
    <skipped/>
  </testcase> <!-- @AfterMethod tearDown -->
  <testcase classname="stepdefin.TestLinkASteps" name="@BeforeMethod setUp" time="-1.719052319965E9">
    <skipped/>
  </testcase> <!-- @BeforeMethod setUp -->
  <testcase classname="stepdefin.TestLinkASteps" name="@AfterMethod tearDown" time="-1.719052320012E9">
    <skipped/>
  </testcase> <!-- @AfterMethod tearDown -->
  <testcase classname="stepdefin.TestLinkASteps" name="@BeforeMethod setUp" time="-1.719052320016E9">
    <skipped/>
  </testcase> <!-- @BeforeMethod setUp -->
  <testcase classname="stepdefin.TestLinkASteps" name="@AfterMethod tearDown" time="-1.719052320258E9">
    <skipped/>
  </testcase> <!-- @AfterMethod tearDown -->
  <testcase classname="stepdefin.TestLinkASteps" name="@BeforeMethod setUp" time="-1.719052320263E9">
    <skipped/>
  </testcase> <!-- @BeforeMethod setUp -->
  <testcase classname="stepdefin.TestLinkASteps" name="@AfterMethod tearDown" time="-1.71905232028E9">
    <skipped/>
  </testcase> <!-- @AfterMethod tearDown -->
  <testcase classname="stepdefin.TestLinkASteps" name="@BeforeMethod setUp" time="-1.719052320288E9">
    <skipped/>
  </testcase> <!-- @BeforeMethod setUp -->
  <testcase classname="stepdefin.TestLinkASteps" name="@AfterMethod tearDown" time="-1.719052320299E9">
    <skipped/>
  </testcase> <!-- @AfterMethod tearDown -->
  <testcase classname="stepdefin.TestLinkASteps" name="@BeforeMethod setUp" time="-1.719052320301E9">
    <skipped/>
  </testcase> <!-- @BeforeMethod setUp -->
  <testcase classname="stepdefin.TestLinkASteps" name="@AfterMethod tearDown" time="-1.719052320393E9">
    <skipped/>
  </testcase> <!-- @AfterMethod tearDown -->
  <testcase classname="stepdefin.TestLinkASteps" name="@BeforeMethod setUp" time="-1.719052320415E9">
    <skipped/>
  </testcase> <!-- @BeforeMethod setUp -->
  <testcase classname="stepdefin.TestLinkASteps" name="@AfterMethod tearDown" time="-1.719052320453E9">
    <skipped/>
  </testcase> <!-- @AfterMethod tearDown -->
  <testcase classname="stepdefin.TestLinkASteps" name="@BeforeMethod setUp" time="-1.719052320456E9">
    <skipped/>
  </testcase> <!-- @BeforeMethod setUp -->
  <testcase classname="stepdefin.TestLinkASteps" name="@AfterMethod tearDown" time="-1.719052320482E9">
    <skipped/>
  </testcase> <!-- @AfterMethod tearDown -->
  <testcase classname="stepdefin.TestLinkASteps" name="@BeforeMethod setUp" time="-1.719052320485E9">
    <skipped/>
  </testcase> <!-- @BeforeMethod setUp -->
  <testcase classname="stepdefin.TestLinkASteps" name="@AfterMethod tearDown" time="-1.719052320546E9">
    <skipped/>
  </testcase> <!-- @AfterMethod tearDown -->
  <testcase classname="stepdefin.TestLinkASteps" name="@BeforeMethod setUp" time="-1.719052320553E9">
    <skipped/>
  </testcase> <!-- @BeforeMethod setUp -->
  <testcase classname="stepdefin.TestLinkASteps" name="@AfterMethod tearDown" time="-1.719052320568E9">
    <skipped/>
  </testcase> <!-- @AfterMethod tearDown -->
  <testcase classname="stepdefin.TestLinkASteps" name="@BeforeMethod setUp" time="-1.719052320571E9">
    <skipped/>
  </testcase> <!-- @BeforeMethod setUp -->
  <testcase classname="stepdefin.TestLinkASteps" name="@AfterMethod tearDown" time="-1.719052320582E9">
    <skipped/>
  </testcase> <!-- @AfterMethod tearDown -->
  <testcase classname="stepdefin.TestLinkASteps" name="@BeforeMethod setUp" time="-1.719052320587E9">
    <skipped/>
  </testcase> <!-- @BeforeMethod setUp -->
  <testcase classname="stepdefin.TestLinkASteps" name="@AfterMethod tearDown" time="-1.719052320595E9">
    <skipped/>
  </testcase> <!-- @AfterMethod tearDown -->
  <testcase classname="stepdefin.TestLinkASteps" name="@BeforeMethod setUp" time="-1.719052320602E9">
    <skipped/>
  </testcase> <!-- @BeforeMethod setUp -->
  <testcase classname="stepdefin.TestLinkASteps" name="@AfterMethod tearDown" time="-1.719052320869E9">
    <skipped/>
  </testcase> <!-- @AfterMethod tearDown -->
  <testcase classname="stepdefin.TestLinkASteps" name="@BeforeMethod setUp" time="-1.719052320882E9">
    <skipped/>
  </testcase> <!-- @BeforeMethod setUp -->
  <testcase classname="stepdefin.TestLinkASteps" name="@AfterMethod tearDown" time="-1.71905232096E9">
    <skipped/>
  </testcase> <!-- @AfterMethod tearDown -->
  <testcase classname="stepdefin.TestLinkASteps" name="@BeforeMethod setUp" time="-1.719052320972E9">
    <skipped/>
  </testcase> <!-- @BeforeMethod setUp -->
  <testcase classname="stepdefin.TestLinkASteps" name="@AfterMethod tearDown" time="-1.719052320993E9">
    <skipped/>
  </testcase> <!-- @AfterMethod tearDown -->
  <testcase classname="stepdefin.TestLinkASteps" name="@BeforeMethod setUp" time="-1.719052320996E9">
    <skipped/>
  </testcase> <!-- @BeforeMethod setUp -->
  <testcase classname="stepdefin.TestLinkASteps" name="@AfterMethod tearDown" time="-1.719052321055E9">
    <skipped/>
  </testcase> <!-- @AfterMethod tearDown -->
  <testcase classname="stepdefin.TestLinkASteps" name="@BeforeMethod setUp" time="-1.71905232106E9">
    <skipped/>
  </testcase> <!-- @BeforeMethod setUp -->
  <testcase classname="stepdefin.TestLinkASteps" name="@AfterMethod tearDown" time="-1.719052321088E9">
    <skipped/>
  </testcase> <!-- @AfterMethod tearDown -->
  <testcase classname="stepdefin.TestLinkASteps" name="@BeforeMethod setUp" time="-1.719052321092E9">
    <skipped/>
  </testcase> <!-- @BeforeMethod setUp -->
  <testcase classname="stepdefin.TestLinkASteps" name="@AfterMethod tearDown" time="-1.719052321123E9">
    <skipped/>
  </testcase> <!-- @AfterMethod tearDown -->
  <testcase classname="stepdefin.TestLinkASteps" name="testLinkA" time="166.922"/>
  <testcase classname="stepdefin.TestLinkASteps" name="testLinkA" time="0.0">
    <skipped/>
  </testcase> <!-- testLinkA -->
  <testcase classname="stepdefin.TestLinkASteps" name="testLinkA" time="0.0">
    <skipped/>
  </testcase> <!-- testLinkA -->
  <testcase classname="stepdefin.TestLinkASteps" name="testLinkA" time="0.0">
    <skipped/>
  </testcase> <!-- testLinkA -->
  <testcase classname="stepdefin.TestLinkASteps" name="testLinkA" time="0.0">
    <skipped/>
  </testcase> <!-- testLinkA -->
  <testcase classname="stepdefin.TestLinkASteps" name="testLinkA" time="0.0">
    <skipped/>
  </testcase> <!-- testLinkA -->
  <testcase classname="stepdefin.TestLinkASteps" name="testLinkB" time="0.0">
    <skipped/>
  </testcase> <!-- testLinkB -->
  <testcase classname="stepdefin.TestLinkASteps" name="testLinkB" time="0.0">
    <skipped/>
  </testcase> <!-- testLinkB -->
  <testcase classname="stepdefin.TestLinkASteps" name="testLinkB" time="0.0">
    <skipped/>
  </testcase> <!-- testLinkB -->
  <testcase classname="stepdefin.TestLinkASteps" name="testLinkB" time="0.0">
    <skipped/>
  </testcase> <!-- testLinkB -->
  <testcase classname="stepdefin.TestLinkASteps" name="testLinkB" time="0.0">
    <skipped/>
  </testcase> <!-- testLinkB -->
  <testcase classname="stepdefin.TestLinkASteps" name="testLinkB" time="0.0">
    <skipped/>
  </testcase> <!-- testLinkB -->
  <testcase classname="stepdefin.TestLinkASteps" name="testLinkC" time="0.0">
    <skipped/>
  </testcase> <!-- testLinkC -->
  <testcase classname="stepdefin.TestLinkASteps" name="testLinkC" time="0.0">
    <skipped/>
  </testcase> <!-- testLinkC -->
  <testcase classname="stepdefin.TestLinkASteps" name="testLinkC" time="0.0">
    <skipped/>
  </testcase> <!-- testLinkC -->
  <testcase classname="stepdefin.TestLinkASteps" name="testLinkC" time="0.0">
    <skipped/>
  </testcase> <!-- testLinkC -->
  <testcase classname="stepdefin.TestLinkASteps" name="testLinkC" time="0.0">
    <skipped/>
  </testcase> <!-- testLinkC -->
  <testcase classname="stepdefin.TestLinkASteps" name="testLinkC" time="0.0">
    <skipped/>
  </testcase> <!-- testLinkC -->
  <testcase classname="stepdefin.TestLinkASteps" name="testLinkD" time="0.0">
    <skipped/>
  </testcase> <!-- testLinkD -->
  <testcase classname="stepdefin.TestLinkASteps" name="testLinkD" time="0.0">
    <skipped/>
  </testcase> <!-- testLinkD -->
  <testcase classname="stepdefin.TestLinkASteps" name="testLinkD" time="0.0">
    <skipped/>
  </testcase> <!-- testLinkD -->
  <testcase classname="stepdefin.TestLinkASteps" name="testLinkD" time="0.0">
    <skipped/>
  </testcase> <!-- testLinkD -->
  <testcase classname="stepdefin.TestLinkASteps" name="testLinkD" time="0.0">
    <skipped/>
  </testcase> <!-- testLinkD -->
  <testcase classname="stepdefin.TestLinkASteps" name="testLinkD" time="0.0">
    <skipped/>
  </testcase> <!-- testLinkD -->
  <testcase classname="stepdefin.TestLinkASteps" name="testLinkE" time="0.0">
    <skipped/>
  </testcase> <!-- testLinkE -->
  <testcase classname="stepdefin.TestLinkASteps" name="testLinkE" time="0.0">
    <skipped/>
  </testcase> <!-- testLinkE -->
  <testcase classname="stepdefin.TestLinkASteps" name="testLinkE" time="0.0">
    <skipped/>
  </testcase> <!-- testLinkE -->
  <testcase classname="stepdefin.TestLinkASteps" name="testLinkE" time="0.0">
    <skipped/>
  </testcase> <!-- testLinkE -->
  <testcase classname="stepdefin.TestLinkASteps" name="testLinkE" time="0.0">
    <skipped/>
  </testcase> <!-- testLinkE -->
  <testcase classname="stepdefin.TestLinkASteps" name="testLinkE" time="0.0">
    <skipped/>
  </testcase> <!-- testLinkE -->
</testsuite> <!-- EdgeTest -->
